<?xml version="1.0" encoding="UTF-8"?>
<testng-results ignored="0" total="4" passed="4" failed="0" skipped="0">
  <reporter-output>
  </reporter-output>
  <suite started-at="2023-11-24T14:57:04 IST" name="Default suite" finished-at="2023-11-24T14:57:46 IST" duration-ms="41848">
    <groups>
    </groups>
    <test started-at="2023-11-24T14:57:04 IST" name="Default test" finished-at="2023-11-24T14:57:46 IST" duration-ms="41848">
      <class name="com.qa.ermatt.tests.LoginPageTest">
        <test-method is-config="true" signature="setUp()[pri:0, instance:com.qa.ermatt.tests.LoginPageTest@7ef82753]" started-at="2023-11-24T14:57:04 IST" name="setUp" finished-at="2023-11-24T14:57:40 IST" duration-ms="36052" status="PASS">
          <reporter-output>
          </reporter-output>
        </test-method> <!-- setUp -->
        <test-method signature="loginPageTitleTest()[pri:1, instance:com.qa.ermatt.tests.LoginPageTest@7ef82753]" started-at="2023-11-24T14:57:40 IST" name="loginPageTitleTest" finished-at="2023-11-24T14:57:40 IST" duration-ms="13" status="PASS">
          <reporter-output>
          </reporter-output>
        </test-method> <!-- loginPageTitleTest -->
        <test-method signature="loginPageURLtest()[pri:2, instance:com.qa.ermatt.tests.LoginPageTest@7ef82753]" started-at="2023-11-24T14:57:40 IST" name="loginPageURLtest" finished-at="2023-11-24T14:57:40 IST" duration-ms="7" status="PASS">
          <reporter-output>
          </reporter-output>
        </test-method> <!-- loginPageURLtest -->
        <test-method signature="RememberMeCheckBoxTest()[pri:3, instance:com.qa.ermatt.tests.LoginPageTest@7ef82753]" started-at="2023-11-24T14:57:40 IST" name="RememberMeCheckBoxTest" finished-at="2023-11-24T14:57:40 IST" duration-ms="38" status="PASS">
          <reporter-output>
          </reporter-output>
        </test-method> <!-- RememberMeCheckBoxTest -->
        <test-method signature="doLoginTest()[pri:4, instance:com.qa.ermatt.tests.LoginPageTest@7ef82753]" started-at="2023-11-24T14:57:40 IST" name="doLoginTest" finished-at="2023-11-24T14:57:46 IST" duration-ms="5417" status="PASS">
          <reporter-output>
          </reporter-output>
        </test-method> <!-- doLoginTest -->
        <test-method is-config="true" signature="tearDown()[pri:0, instance:com.qa.ermatt.tests.LoginPageTest@7ef82753]" started-at="2023-11-24T14:57:46 IST" name="tearDown" finished-at="2023-11-24T14:57:46 IST" duration-ms="265" status="PASS">
          <reporter-output>
          </reporter-output>
        </test-method> <!-- tearDown -->
      </class> <!-- com.qa.ermatt.tests.LoginPageTest -->
    </test> <!-- Default test -->
  </suite> <!-- Default suite -->
</testng-results>
